[2019-11-22T11:08:35.746-0600] [Payara 5.193] [SEVERE] [] [javax.enterprise.system.core] [tid: _ThreadID=1998 _ThreadName=admin-thread-pool::admin-listener(7)] [timeMillis: 1574442515746] [levelValue: 1000] [[
  Exception while preparing the app : Exception [EclipseLink-4002] (Eclipse Persistence Services - 2.7.4.payara-p2): org.eclipse.persistence.exceptions.DatabaseException
Internal Exception: java.sql.SQLException: Error in allocating a connection. Cause: Connection could not be allocated because: The connection attempt failed.
Error Code: 0
Local Exception Stack: 
Exception [EclipseLink-4002] (Eclipse Persistence Services - 2.7.4.payara-p2): org.eclipse.persistence.exceptions.DatabaseException
Internal Exception: java.sql.SQLException: Error in allocating a connection. Cause: Connection could not be allocated because: The connection attempt failed.
Error Code: 0
	at org.eclipse.persistence.exceptions.DatabaseException.sqlException(DatabaseException.java:318)
	at org.eclipse.persistence.sessions.JNDIConnector.connect(JNDIConnector.java:150)
	at org.eclipse.persistence.sessions.DatasourceLogin.connectToDatasource(DatasourceLogin.java:172)
	at org.eclipse.persistence.internal.sessions.DatabaseSessionImpl.setOrDetectDatasource(DatabaseSessionImpl.java:233)
	at org.eclipse.persistence.internal.sessions.DatabaseSessionImpl.loginAndDetectDatasource(DatabaseSessionImpl.java:815)
	at org.eclipse.persistence.internal.jpa.EntityManagerFactoryProvider.login(EntityManagerFactoryProvider.java:256)
	at org.eclipse.persistence.internal.jpa.EntityManagerSetupImpl.deploy(EntityManagerSetupImpl.java:769)
	at org.eclipse.persistence.internal.jpa.EntityManagerFactoryDelegate.getAbstractSession(EntityManagerFactoryDelegate.java:219)
	at org.eclipse.persistence.internal.jpa.EntityManagerFactoryDelegate.getDatabaseSession(EntityManagerFactoryDelegate.java:197)
	at org.eclipse.persistence.internal.jpa.EntityManagerFactoryImpl.getDatabaseSession(EntityManagerFactoryImpl.java:542)
	at org.eclipse.persistence.jpa.PersistenceProvider.createContainerEntityManagerFactoryImpl(PersistenceProvider.java:388)
	at org.eclipse.persistence.jpa.PersistenceProvider.createContainerEntityManagerFactory(PersistenceProvider.java:316)
	at org.glassfish.persistence.jpa.PersistenceUnitLoader.loadPU(PersistenceUnitLoader.java:207)
	at org.glassfish.persistence.jpa.PersistenceUnitLoader.<init>(PersistenceUnitLoader.java:114)
	at org.glassfish.persistence.jpa.JPADeployer$1.visitPUD(JPADeployer.java:225)
	at org.glassfish.persistence.jpa.JPADeployer$PersistenceUnitDescriptorIterator.iteratePUDs(JPADeployer.java:525)
	at org.glassfish.persistence.jpa.JPADeployer.createEMFs(JPADeployer.java:240)
	at org.glassfish.persistence.jpa.JPADeployer.prepare(JPADeployer.java:170)
	at com.sun.enterprise.v3.server.ApplicationLifecycle.prepareModule(ApplicationLifecycle.java:1035)
	at com.sun.enterprise.v3.server.ApplicationLifecycle.prepare(ApplicationLifecycle.java:467)
	at org.glassfish.deployment.admin.DeployCommand.execute(DeployCommand.java:539)
	at com.sun.enterprise.v3.admin.CommandRunnerImpl$2$1.run(CommandRunnerImpl.java:558)
	at com.sun.enterprise.v3.admin.CommandRunnerImpl$2$1.run(CommandRunnerImpl.java:554)
	at java.base/java.security.AccessController.doPrivileged(Native Method)
	at java.base/javax.security.auth.Subject.doAs(Subject.java:361)
	at com.sun.enterprise.v3.admin.CommandRunnerImpl$2.execute(CommandRunnerImpl.java:553)
	at com.sun.enterprise.v3.admin.CommandRunnerImpl$3.run(CommandRunnerImpl.java:584)
	at com.sun.enterprise.v3.admin.CommandRunnerImpl$3.run(CommandRunnerImpl.java:576)
	at java.base/java.security.AccessController.doPrivileged(Native Method)
	at java.base/javax.security.auth.Subject.doAs(Subject.java:361)
	at com.sun.enterprise.v3.admin.CommandRunnerImpl.doCommand(CommandRunnerImpl.java:575)
	at com.sun.enterprise.v3.admin.CommandRunnerImpl.doCommand(CommandRunnerImpl.java:1495)
	at com.sun.enterprise.v3.admin.CommandRunnerImpl.access$1300(CommandRunnerImpl.java:120)
	at com.sun.enterprise.v3.admin.CommandRunnerImpl$ExecutionContext.execute(CommandRunnerImpl.java:1877)
	at com.sun.enterprise.v3.admin.CommandRunnerImpl$ExecutionContext.execute(CommandRunnerImpl.java:1753)
	at com.sun.enterprise.v3.admin.AdminAdapter.doCommand(AdminAdapter.java:564)
	at com.sun.enterprise.v3.admin.AdminAdapter.onMissingResource(AdminAdapter.java:251)
	at org.glassfish.grizzly.http.server.StaticHttpHandlerBase.service(StaticHttpHandlerBase.java:166)
	at com.sun.enterprise.v3.services.impl.ContainerMapper$HttpHandlerCallable.call(ContainerMapper.java:520)
	at com.sun.enterprise.v3.services.impl.ContainerMapper.service(ContainerMapper.java:217)
	at org.glassfish.grizzly.http.server.HttpHandler.runService(HttpHandler.java:182)
	at org.glassfish.grizzly.http.server.HttpHandler.doHandle(HttpHandler.java:156)
	at org.glassfish.grizzly.http.server.HttpServerFilter.handleRead(HttpServerFilter.java:218)
	at org.glassfish.grizzly.filterchain.ExecutorResolver$9.execute(ExecutorResolver.java:95)
	at org.glassfish.grizzly.filterchain.DefaultFilterChain.executeFilter(DefaultFilterChain.java:260)
	at org.glassfish.grizzly.filterchain.DefaultFilterChain.executeChainPart(DefaultFilterChain.java:177)
	at org.glassfish.grizzly.filterchain.DefaultFilterChain.execute(DefaultFilterChain.java:109)
	at org.glassfish.grizzly.filterchain.DefaultFilterChain.process(DefaultFilterChain.java:88)
	at org.glassfish.grizzly.ProcessorExecutor.execute(ProcessorExecutor.java:53)
	at org.glassfish.grizzly.portunif.PUFilter.handleRead(PUFilter.java:208)
	at org.glassfish.grizzly.filterchain.ExecutorResolver$9.execute(ExecutorResolver.java:95)
	at org.glassfish.grizzly.filterchain.DefaultFilterChain.executeFilter(DefaultFilterChain.java:260)
	at org.glassfish.grizzly.filterchain.DefaultFilterChain.executeChainPart(DefaultFilterChain.java:177)
	at org.glassfish.grizzly.filterchain.DefaultFilterChain.execute(DefaultFilterChain.java:109)
	at org.glassfish.grizzly.filterchain.DefaultFilterChain.process(DefaultFilterChain.java:88)
	at org.glassfish.grizzly.ProcessorExecutor.execute(ProcessorExecutor.java:53)
	at org.glassfish.grizzly.portunif.PUFilter.handleRead(PUFilter.java:208)
	at org.glassfish.grizzly.filterchain.ExecutorResolver$9.execute(ExecutorResolver.java:95)
	at org.glassfish.grizzly.filterchain.DefaultFilterChain.executeFilter(DefaultFilterChain.java:260)
	at org.glassfish.grizzly.filterchain.DefaultFilterChain.executeChainPart(DefaultFilterChain.java:177)
	at org.glassfish.grizzly.filterchain.DefaultFilterChain.execute(DefaultFilterChain.java:109)
	at org.glassfish.grizzly.filterchain.DefaultFilterChain.process(DefaultFilterChain.java:88)
	at org.glassfish.grizzly.ProcessorExecutor.execute(ProcessorExecutor.java:53)
	at org.glassfish.grizzly.nio.transport.TCPNIOTransport.fireIOEvent(TCPNIOTransport.java:524)
	at org.glassfish.grizzly.strategies.AbstractIOStrategy.fireIOEvent(AbstractIOStrategy.java:89)
	at org.glassfish.grizzly.strategies.WorkerThreadIOStrategy.run0(WorkerThreadIOStrategy.java:94)
	at org.glassfish.grizzly.strategies.WorkerThreadIOStrategy.access$100(WorkerThreadIOStrategy.java:33)
	at org.glassfish.grizzly.strategies.WorkerThreadIOStrategy$WorkerThreadRunnable.run(WorkerThreadIOStrategy.java:114)
	at org.glassfish.grizzly.threadpool.AbstractThreadPool$Worker.doWork(AbstractThreadPool.java:569)
	at org.glassfish.grizzly.threadpool.AbstractThreadPool$Worker.run(AbstractThreadPool.java:549)
	at java.base/java.lang.Thread.run(Thread.java:834)
Caused by: java.sql.SQLException: Error in allocating a connection. Cause: Connection could not be allocated because: The connection attempt failed.
	at com.sun.gjc.spi.base.AbstractDataSource.getConnection(AbstractDataSource.java:119)
	at org.eclipse.persistence.sessions.JNDIConnector.connect(JNDIConnector.java:138)
	... 69 more
Caused by: javax.resource.spi.ResourceAllocationException: Error in allocating a connection. Cause: Connection could not be allocated because: The connection attempt failed.
	at com.sun.enterprise.connectors.ConnectionManagerImpl.internalGetConnection(ConnectionManagerImpl.java:319)
	at com.sun.enterprise.connectors.ConnectionManagerImpl.allocateConnection(ConnectionManagerImpl.java:196)
	at com.sun.enterprise.connectors.ConnectionManagerImpl.allocateConnection(ConnectionManagerImpl.java:171)
	at com.sun.enterprise.connectors.ConnectionManagerImpl.allocateConnection(ConnectionManagerImpl.java:166)
	at com.sun.gjc.spi.base.AbstractDataSource.getConnection(AbstractDataSource.java:113)
	... 70 more
Caused by: com.sun.appserv.connectors.internal.api.PoolingException: Connection could not be allocated because: The connection attempt failed.
	at com.sun.enterprise.resource.pool.datastructure.RWLockDataStructure.addResource(RWLockDataStructure.java:103)
	at com.sun.enterprise.resource.pool.ConnectionPool.addResource(ConnectionPool.java:287)
	at com.sun.enterprise.resource.pool.ConnectionPool.createResourceAndAddToPool(ConnectionPool.java:1532)
	at com.sun.enterprise.resource.pool.ConnectionPool.createResources(ConnectionPool.java:957)
	at com.sun.enterprise.resource.pool.ConnectionPool.initPool(ConnectionPool.java:235)
	at com.sun.enterprise.resource.pool.ConnectionPool.internalGetResource(ConnectionPool.java:528)
	at com.sun.enterprise.resource.pool.ConnectionPool.getResource(ConnectionPool.java:386)
	at com.sun.enterprise.resource.pool.PoolManagerImpl.getResourceFromPool(PoolManagerImpl.java:244)
	at com.sun.enterprise.resource.pool.PoolManagerImpl.getResource(PoolManagerImpl.java:171)
	at com.sun.enterprise.connectors.ConnectionManagerImpl.getResource(ConnectionManagerImpl.java:360)
	at com.sun.enterprise.connectors.ConnectionManagerImpl.internalGetConnection(ConnectionManagerImpl.java:307)
	... 74 more
Caused by: com.sun.appserv.connectors.internal.api.PoolingException: Connection could not be allocated because: The connection attempt failed.
	at com.sun.enterprise.resource.pool.ConnectionPool.createSingleResource(ConnectionPool.java:937)
	at com.sun.enterprise.resource.pool.ConnectionPool.createResource(ConnectionPool.java:1209)
	at com.sun.enterprise.resource.pool.datastructure.RWLockDataStructure.addResource(RWLockDataStructure.java:98)
	... 84 more
Caused by: com.sun.appserv.connectors.internal.api.PoolingException: Connection could not be allocated because: The connection attempt failed.
	at com.sun.enterprise.resource.allocator.LocalTxConnectorAllocator.createResource(LocalTxConnectorAllocator.java:110)
	at com.sun.enterprise.resource.pool.ConnectionPool.createSingleResource(ConnectionPool.java:920)
	... 86 more
Caused by: javax.resource.spi.ResourceAllocationException: Connection could not be allocated because: The connection attempt failed.
	at com.sun.gjc.spi.DSManagedConnectionFactory.createManagedConnection(DSManagedConnectionFactory.java:131)
	at com.sun.enterprise.resource.allocator.LocalTxConnectorAllocator.createResource(LocalTxConnectorAllocator.java:87)
	... 87 more
Caused by: org.postgresql.util.PSQLException: The connection attempt failed.
	at org.postgresql.core.v3.ConnectionFactoryImpl.openConnectionImpl(ConnectionFactoryImpl.java:292)
	at org.postgresql.core.ConnectionFactory.openConnection(ConnectionFactory.java:49)
	at org.postgresql.jdbc.PgConnection.<init>(PgConnection.java:195)
	at org.postgresql.Driver.makeConnection(Driver.java:458)
	at org.postgresql.Driver.connect(Driver.java:260)
	at java.sql/java.sql.DriverManager.getConnection(DriverManager.java:677)
	at java.sql/java.sql.DriverManager.getConnection(DriverManager.java:228)
	at org.postgresql.ds.common.BaseDataSource.getConnection(BaseDataSource.java:97)
	at org.postgresql.ds.common.BaseDataSource.getConnection(BaseDataSource.java:82)
	at com.sun.gjc.spi.DSManagedConnectionFactory.createManagedConnection(DSManagedConnectionFactory.java:117)
	... 88 more
Caused by: java.net.SocketTimeoutException: connect timed out
	at java.base/java.net.PlainSocketImpl.waitForConnect(Native Method)
	at java.base/java.net.PlainSocketImpl.socketConnect(PlainSocketImpl.java:107)
	at java.base/java.net.AbstractPlainSocketImpl.doConnect(AbstractPlainSocketImpl.java:399)
	at java.base/java.net.AbstractPlainSocketImpl.connectToAddress(AbstractPlainSocketImpl.java:242)
	at java.base/java.net.AbstractPlainSocketImpl.connect(AbstractPlainSocketImpl.java:224)
	at java.base/java.net.SocksSocketImpl.connect(SocksSocketImpl.java:403)
	at java.base/java.net.Socket.connect(Socket.java:591)
	at org.postgresql.core.PGStream.<init>(PGStream.java:75)
	at org.postgresql.core.v3.ConnectionFactoryImpl.tryConnect(ConnectionFactoryImpl.java:91)
	at org.postgresql.core.v3.ConnectionFactoryImpl.openConnectionImpl(ConnectionFactoryImpl.java:192)
	... 97 more
]]

[2019-11-22T11:08:36.165-0600] [Payara 5.193] [INFO] [] [org.eclipse.persistence.session./file:/D:/ClimateChangeMeetingPlatform/target/ClimateMeetingPlatform-1.0/WEB-INF/classes/_appusers] [tid: _ThreadID=52 _ThreadName=admin-thread-pool::admin-listener(1)] [timeMillis: 1574442516165] [levelValue: 800] [[
  EclipseLink, version: Eclipse Persistence Services - 2.7.4.payara-p2]]

[2019-11-22T11:08:46.167-0600] [Payara 5.193] [WARNING] [] [javax.enterprise.resource.resourceadapter.com.sun.enterprise.resource.allocator] [tid: _ThreadID=52 _ThreadName=admin-thread-pool::admin-listener(1)] [timeMillis: 1574442526167] [levelValue: 900] [[
  RAR5038:Unexpected exception while creating resource for pool { PoolInfo : (name=java:app/post-gre-sql_app_postgresPool), (applicationName=ClimateMeetingPlatform) }. Exception : javax.resource.spi.ResourceAllocationException: Connection could not be allocated because: The connection attempt failed.]]

[2019-11-22T11:08:46.168-0600] [Payara 5.193] [WARNING] [] [javax.enterprise.resource.resourceadapter.com.sun.enterprise.connectors] [tid: _ThreadID=52 _ThreadName=admin-thread-pool::admin-listener(1)] [timeMillis: 1574442526168] [levelValue: 900] [[
  RAR5117 : Failed to obtain/create connection from connection pool [ { PoolInfo : (name=java:app/post-gre-sql_app_postgresPool), (applicationName=ClimateMeetingPlatform) } ]. Reason : com.sun.appserv.connectors.internal.api.PoolingException: Connection could not be allocated because: The connection attempt failed.]]

[2019-11-22T11:08:46.168-0600] [Payara 5.193] [WARNING] [] [javax.enterprise.resource.resourceadapter.com.sun.gjc.spi] [tid: _ThreadID=52 _ThreadName=admin-thread-pool::admin-listener(1)] [timeMillis: 1574442526168] [levelValue: 900] [[
  RAR5114 : Error allocating connection : [Error in allocating a connection. Cause: Connection could not be allocated because: The connection attempt failed.]]]

[2019-11-22T11:08:46.168-0600] [Payara 5.193] [SEVERE] [] [org.eclipse.persistence.session./file:/D:/ClimateChangeMeetingPlatform/target/ClimateMeetingPlatform-1.0/WEB-INF/classes/_appusers.ejb] [tid: _ThreadID=52 _ThreadName=admin-thread-pool::admin-listener(1)] [timeMillis: 1574442526168] [levelValue: 1000] [[
  
Local Exception Stack: 
Exception [EclipseLink-4002] (Eclipse Persistence Services - 2.7.4.payara-p2): org.eclipse.persistence.exceptions.DatabaseException
Internal Exception: java.sql.SQLException: Error in allocating a connection. Cause: Connection could not be allocated because: The connection attempt failed.
Error Code: 0
	at org.eclipse.persistence.exceptions.DatabaseException.sqlException(DatabaseException.java:318)
	at org.eclipse.persistence.sessions.JNDIConnector.connect(JNDIConnector.java:150)
	at org.eclipse.persistence.sessions.DatasourceLogin.connectToDatasource(DatasourceLogin.java:172)
	at org.eclipse.persistence.internal.sessions.DatabaseSessionImpl.setOrDetectDatasource(DatabaseSessionImpl.java:233)
	at org.eclipse.persistence.internal.sessions.DatabaseSessionImpl.loginAndDetectDatasource(DatabaseSessionImpl.java:815)
	at org.eclipse.persistence.internal.jpa.EntityManagerFactoryProvider.login(EntityManagerFactoryProvider.java:256)
	at org.eclipse.persistence.internal.jpa.EntityManagerSetupImpl.deploy(EntityManagerSetupImpl.java:769)
	at org.eclipse.persistence.internal.jpa.EntityManagerFactoryDelegate.getAbstractSession(EntityManagerFactoryDelegate.java:219)
	at org.eclipse.persistence.internal.jpa.EntityManagerFactoryDelegate.getDatabaseSession(EntityManagerFactoryDelegate.java:197)
	at org.eclipse.persistence.internal.jpa.EntityManagerFactoryImpl.getDatabaseSession(EntityManagerFactoryImpl.java:542)
	at org.eclipse.persistence.jpa.PersistenceProvider.createContainerEntityManagerFactoryImpl(PersistenceProvider.java:388)
	at org.eclipse.persistence.jpa.PersistenceProvider.createContainerEntityManagerFactory(PersistenceProvider.java:316)
	at org.glassfish.persistence.jpa.PersistenceUnitLoader.loadPU(PersistenceUnitLoader.java:207)
	at org.glassfish.persistence.jpa.PersistenceUnitLoader.<init>(PersistenceUnitLoader.java:114)
	at org.glassfish.persistence.jpa.JPADeployer$1.visitPUD(JPADeployer.java:225)
	at org.glassfish.persistence.jpa.JPADeployer$PersistenceUnitDescriptorIterator.iteratePUDs(JPADeployer.java:525)
	at org.glassfish.persistence.jpa.JPADeployer.createEMFs(JPADeployer.java:240)
	at org.glassfish.persistence.jpa.JPADeployer.prepare(JPADeployer.java:170)
	at com.sun.enterprise.v3.server.ApplicationLifecycle.prepareModule(ApplicationLifecycle.java:1035)
	at com.sun.enterprise.v3.server.ApplicationLifecycle.prepare(ApplicationLifecycle.java:467)
	at org.glassfish.deployment.admin.DeployCommand.execute(DeployCommand.java:539)
	at com.sun.enterprise.v3.admin.CommandRunnerImpl$2$1.run(CommandRunnerImpl.java:558)
	at com.sun.enterprise.v3.admin.CommandRunnerImpl$2$1.run(CommandRunnerImpl.java:554)
	at java.base/java.security.AccessController.doPrivileged(Native Method)
	at java.base/javax.security.auth.Subject.doAs(Subject.java:361)
	at com.sun.enterprise.v3.admin.CommandRunnerImpl$2.execute(CommandRunnerImpl.java:553)
	at com.sun.enterprise.v3.admin.CommandRunnerImpl$3.run(CommandRunnerImpl.java:584)
	at com.sun.enterprise.v3.admin.CommandRunnerImpl$3.run(CommandRunnerImpl.java:576)
	at java.base/java.security.AccessController.doPrivileged(Native Method)
	at java.base/javax.security.auth.Subject.doAs(Subject.java:361)
	at com.sun.enterprise.v3.admin.CommandRunnerImpl.doCommand(CommandRunnerImpl.java:575)
	at com.sun.enterprise.v3.admin.CommandRunnerImpl.doCommand(CommandRunnerImpl.java:1495)
	at com.sun.enterprise.v3.admin.CommandRunnerImpl.access$1300(CommandRunnerImpl.java:120)
	at com.sun.enterprise.v3.admin.CommandRunnerImpl$ExecutionContext.execute(CommandRunnerImpl.java:1877)
	at com.sun.enterprise.v3.admin.CommandRunnerImpl$ExecutionContext.execute(CommandRunnerImpl.java:1753)
	at com.sun.enterprise.v3.admin.AdminAdapter.doCommand(AdminAdapter.java:564)
	at com.sun.enterprise.v3.admin.AdminAdapter.onMissingResource(AdminAdapter.java:251)
	at org.glassfish.grizzly.http.server.StaticHttpHandlerBase.service(StaticHttpHandlerBase.java:166)
	at com.sun.enterprise.v3.services.impl.ContainerMapper$HttpHandlerCallable.call(ContainerMapper.java:520)
	at com.sun.enterprise.v3.services.impl.ContainerMapper.service(ContainerMapper.java:217)
	at org.glassfish.grizzly.http.server.HttpHandler.runService(HttpHandler.java:182)
	at org.glassfish.grizzly.http.server.HttpHandler.doHandle(HttpHandler.java:156)
	at org.glassfish.grizzly.http.server.HttpServerFilter.handleRead(HttpServerFilter.java:218)
	at org.glassfish.grizzly.filterchain.ExecutorResolver$9.execute(ExecutorResolver.java:95)
	at org.glassfish.grizzly.filterchain.DefaultFilterChain.executeFilter(DefaultFilterChain.java:260)
	at org.glassfish.grizzly.filterchain.DefaultFilterChain.executeChainPart(DefaultFilterChain.java:177)
	at org.glassfish.grizzly.filterchain.DefaultFilterChain.execute(DefaultFilterChain.java:109)
	at org.glassfish.grizzly.filterchain.DefaultFilterChain.process(DefaultFilterChain.java:88)
	at org.glassfish.grizzly.ProcessorExecutor.execute(ProcessorExecutor.java:53)
	at org.glassfish.grizzly.portunif.PUFilter.handleRead(PUFilter.java:208)
	at org.glassfish.grizzly.filterchain.ExecutorResolver$9.execute(ExecutorResolver.java:95)
	at org.glassfish.grizzly.filterchain.DefaultFilterChain.executeFilter(DefaultFilterChain.java:260)
	at org.glassfish.grizzly.filterchain.DefaultFilterChain.executeChainPart(DefaultFilterChain.java:177)
	at org.glassfish.grizzly.filterchain.DefaultFilterChain.execute(DefaultFilterChain.java:109)
	at org.glassfish.grizzly.filterchain.DefaultFilterChain.process(DefaultFilterChain.java:88)
	at org.glassfish.grizzly.ProcessorExecutor.execute(ProcessorExecutor.java:53)
	at org.glassfish.grizzly.portunif.PUFilter.handleRead(PUFilter.java:208)
	at org.glassfish.grizzly.filterchain.ExecutorResolver$9.execute(ExecutorResolver.java:95)
	at org.glassfish.grizzly.filterchain.DefaultFilterChain.executeFilter(DefaultFilterChain.java:260)
	at org.glassfish.grizzly.filterchain.DefaultFilterChain.executeChainPart(DefaultFilterChain.java:177)
	at org.glassfish.grizzly.filterchain.DefaultFilterChain.execute(DefaultFilterChain.java:109)
	at org.glassfish.grizzly.filterchain.DefaultFilterChain.process(DefaultFilterChain.java:88)
	at org.glassfish.grizzly.ProcessorExecutor.execute(ProcessorExecutor.java:53)
	at org.glassfish.grizzly.nio.transport.TCPNIOTransport.fireIOEvent(TCPNIOTransport.java:524)
	at org.glassfish.grizzly.strategies.AbstractIOStrategy.fireIOEvent(AbstractIOStrategy.java:89)
	at org.glassfish.grizzly.strategies.WorkerThreadIOStrategy.run0(WorkerThreadIOStrategy.java:94)
	at org.glassfish.grizzly.strategies.WorkerThreadIOStrategy.access$100(WorkerThreadIOStrategy.java:33)
	at org.glassfish.grizzly.strategies.WorkerThreadIOStrategy$WorkerThreadRunnable.run(WorkerThreadIOStrategy.java:114)
	at org.glassfish.grizzly.threadpool.AbstractThreadPool$Worker.doWork(AbstractThreadPool.java:569)
	at org.glassfish.grizzly.threadpool.AbstractThreadPool$Worker.run(AbstractThreadPool.java:549)
	at java.base/java.lang.Thread.run(Thread.java:834)
Caused by: java.sql.SQLException: Error in allocating a connection. Cause: Connection could not be allocated because: The connection attempt failed.
	at com.sun.gjc.spi.base.AbstractDataSource.getConnection(AbstractDataSource.java:119)
	at org.eclipse.persistence.sessions.JNDIConnector.connect(JNDIConnector.java:138)
	... 69 more
Caused by: javax.resource.spi.ResourceAllocationException: Error in allocating a connection. Cause: Connection could not be allocated because: The connection attempt failed.
	at com.sun.enterprise.connectors.ConnectionManagerImpl.internalGetConnection(ConnectionManagerImpl.java:319)
	at com.sun.enterprise.connectors.ConnectionManagerImpl.allocateConnection(ConnectionManagerImpl.java:196)
	at com.sun.enterprise.connectors.ConnectionManagerImpl.allocateConnection(ConnectionManagerImpl.java:171)
	at com.sun.enterprise.connectors.ConnectionManagerImpl.allocateConnection(ConnectionManagerImpl.java:166)
	at com.sun.gjc.spi.base.AbstractDataSource.getConnection(AbstractDataSource.java:113)
	... 70 more
Caused by: com.sun.appserv.connectors.internal.api.PoolingException: Connection could not be allocated because: The connection attempt failed.
	at com.sun.enterprise.resource.pool.datastructure.RWLockDataStructure.addResource(RWLockDataStructure.java:103)
	at com.sun.enterprise.resource.pool.ConnectionPool.addResource(ConnectionPool.java:287)
	at com.sun.enterprise.resource.pool.ConnectionPool.createResourceAndAddToPool(ConnectionPool.java:1532)
	at com.sun.enterprise.resource.pool.ConnectionPool.createResources(ConnectionPool.java:957)
	at com.sun.enterprise.resource.pool.ConnectionPool.initPool(ConnectionPool.java:235)
	at com.sun.enterprise.resource.pool.ConnectionPool.internalGetResource(ConnectionPool.java:528)
	at com.sun.enterprise.resource.pool.ConnectionPool.getResource(ConnectionPool.java:386)
	at com.sun.enterprise.resource.pool.PoolManagerImpl.getResourceFromPool(PoolManagerImpl.java:244)
	at com.sun.enterprise.resource.pool.PoolManagerImpl.getResource(PoolManagerImpl.java:171)
	at com.sun.enterprise.connectors.ConnectionManagerImpl.getResource(ConnectionManagerImpl.java:360)
	at com.sun.enterprise.connectors.ConnectionManagerImpl.internalGetConnection(ConnectionManagerImpl.java:307)
	... 74 more
Caused by: com.sun.appserv.connectors.internal.api.PoolingException: Connection could not be allocated because: The connection attempt failed.
	at com.sun.enterprise.resource.pool.ConnectionPool.createSingleResource(ConnectionPool.java:937)
	at com.sun.enterprise.resource.pool.ConnectionPool.createResource(ConnectionPool.java:1209)
	at com.sun.enterprise.resource.pool.datastructure.RWLockDataStructure.addResource(RWLockDataStructure.java:98)
	... 84 more
Caused by: com.sun.appserv.connectors.internal.api.PoolingException: Connection could not be allocated because: The connection attempt failed.
	at com.sun.enterprise.resource.allocator.LocalTxConnectorAllocator.createResource(LocalTxConnectorAllocator.java:110)
	at com.sun.enterprise.resource.pool.ConnectionPool.createSingleResource(ConnectionPool.java:920)
	... 86 more
Caused by: javax.resource.spi.ResourceAllocationException: Connection could not be allocated because: The connection attempt failed.
	at com.sun.gjc.spi.DSManagedConnectionFactory.createManagedConnection(DSManagedConnectionFactory.java:131)
	at com.sun.enterprise.resource.allocator.LocalTxConnectorAllocator.createResource(LocalTxConnectorAllocator.java:87)
	... 87 more
Caused by: org.postgresql.util.PSQLException: The connection attempt failed.
	at org.postgresql.core.v3.ConnectionFactoryImpl.openConnectionImpl(ConnectionFactoryImpl.java:292)
	at org.postgresql.core.ConnectionFactory.openConnection(ConnectionFactory.java:49)
	at org.postgresql.jdbc.PgConnection.<init>(PgConnection.java:195)
	at org.postgresql.Driver.makeConnection(Driver.java:458)
	at org.postgresql.Driver.connect(Driver.java:260)
	at java.sql/java.sql.DriverManager.getConnection(DriverManager.java:677)
	at java.sql/java.sql.DriverManager.getConnection(DriverManager.java:228)
	at org.postgresql.ds.common.BaseDataSource.getConnection(BaseDataSource.java:97)
	at org.postgresql.ds.common.BaseDataSource.getConnection(BaseDataSource.java:82)
	at com.sun.gjc.spi.DSManagedConnectionFactory.createManagedConnection(DSManagedConnectionFactory.java:117)
	... 88 more
Caused by: java.net.SocketTimeoutException: connect timed out
	at java.base/java.net.PlainSocketImpl.waitForConnect(Native Method)
	at java.base/java.net.PlainSocketImpl.socketConnect(PlainSocketImpl.java:107)
	at java.base/java.net.AbstractPlainSocketImpl.doConnect(AbstractPlainSocketImpl.java:399)
	at java.base/java.net.AbstractPlainSocketImpl.connectToAddress(AbstractPlainSocketImpl.java:242)
	at java.base/java.net.AbstractPlainSocketImpl.connect(AbstractPlainSocketImpl.java:224)
	at java.base/java.net.SocksSocketImpl.connect(SocksSocketImpl.java:403)
	at java.base/java.net.Socket.connect(Socket.java:591)
	at org.postgresql.core.PGStream.<init>(PGStream.java:75)
	at org.postgresql.core.v3.ConnectionFactoryImpl.tryConnect(ConnectionFactoryImpl.java:91)
	at org.postgresql.core.v3.ConnectionFactoryImpl.openConnectionImpl(ConnectionFactoryImpl.java:192)
	... 97 more
]]

[2019-11-22T11:08:46.170-0600] [Payara 5.193] [SEVERE] [] [javax.enterprise.system.core] [tid: _ThreadID=52 _ThreadName=admin-thread-pool::admin-listener(1)] [timeMillis: 1574442526170] [levelValue: 1000] [[
  Exception while invoking class org.glassfish.persistence.jpa.JPADeployer prepare method]]

[2019-11-22T11:08:46.170-0600] [Payara 5.193] [SEVERE] [] [javax.enterprise.system.core] [tid: _ThreadID=52 _ThreadName=admin-thread-pool::admin-listener(1)] [timeMillis: 1574442526170] [levelValue: 1000] [[
  Exception while preparing the app]]

[2019-11-22T11:08:46.171-0600] [Payara 5.193] [SEVERE] [NCLS-CORE-00026] [javax.enterprise.system.core] [tid: _ThreadID=52 _ThreadName=admin-thread-pool::admin-listener(1)] [timeMillis: 1574442526171] [levelValue: 1000] [[
  Exception during lifecycle processing
javax.persistence.PersistenceException: Exception [EclipseLink-4002] (Eclipse Persistence Services - 2.7.4.payara-p2): org.eclipse.persistence.exceptions.DatabaseException
Internal Exception: java.sql.SQLException: Error in allocating a connection. Cause: Connection could not be allocated because: The connection attempt failed.
Error Code: 0
	at org.eclipse.persistence.internal.jpa.EntityManagerSetupImpl.deploy(EntityManagerSetupImpl.java:854)
	at org.eclipse.persistence.internal.jpa.EntityManagerFactoryDelegate.getAbstractSession(EntityManagerFactoryDelegate.java:219)
	at org.eclipse.persistence.internal.jpa.EntityManagerFactoryDelegate.getDatabaseSession(EntityManagerFactoryDelegate.java:197)
	at org.eclipse.persistence.internal.jpa.EntityManagerFactoryImpl.getDatabaseSession(EntityManagerFactoryImpl.java:542)
	at org.eclipse.persistence.jpa.PersistenceProvider.createContainerEntityManagerFactoryImpl(PersistenceProvider.java:388)
	at org.eclipse.persistence.jpa.PersistenceProvider.createContainerEntityManagerFactory(PersistenceProvider.java:316)
	at org.glassfish.persistence.jpa.PersistenceUnitLoader.loadPU(PersistenceUnitLoader.java:207)
	at org.glassfish.persistence.jpa.PersistenceUnitLoader.<init>(PersistenceUnitLoader.java:114)
	at org.glassfish.persistence.jpa.JPADeployer$1.visitPUD(JPADeployer.java:225)
	at org.glassfish.persistence.jpa.JPADeployer$PersistenceUnitDescriptorIterator.iteratePUDs(JPADeployer.java:525)
	at org.glassfish.persistence.jpa.JPADeployer.createEMFs(JPADeployer.java:240)
	at org.glassfish.persistence.jpa.JPADeployer.prepare(JPADeployer.java:170)
	at com.sun.enterprise.v3.server.ApplicationLifecycle.prepareModule(ApplicationLifecycle.java:1035)
	at com.sun.enterprise.v3.server.ApplicationLifecycle.prepare(ApplicationLifecycle.java:467)
	at org.glassfish.deployment.admin.DeployCommand.execute(DeployCommand.java:539)
	at com.sun.enterprise.v3.admin.CommandRunnerImpl$2$1.run(CommandRunnerImpl.java:558)
	at com.sun.enterprise.v3.admin.CommandRunnerImpl$2$1.run(CommandRunnerImpl.java:554)
	at java.base/java.security.AccessController.doPrivileged(Native Method)
	at java.base/javax.security.auth.Subject.doAs(Subject.java:361)
	at com.sun.enterprise.v3.admin.CommandRunnerImpl$2.execute(CommandRunnerImpl.java:553)
	at com.sun.enterprise.v3.admin.CommandRunnerImpl$3.run(CommandRunnerImpl.java:584)
	at com.sun.enterprise.v3.admin.CommandRunnerImpl$3.run(CommandRunnerImpl.java:576)
	at java.base/java.security.AccessController.doPrivileged(Native Method)
	at java.base/javax.security.auth.Subject.doAs(Subject.java:361)
	at com.sun.enterprise.v3.admin.CommandRunnerImpl.doCommand(CommandRunnerImpl.java:575)
	at com.sun.enterprise.v3.admin.CommandRunnerImpl.doCommand(CommandRunnerImpl.java:1495)
	at com.sun.enterprise.v3.admin.CommandRunnerImpl.access$1300(CommandRunnerImpl.java:120)
	at com.sun.enterprise.v3.admin.CommandRunnerImpl$ExecutionContext.execute(CommandRunnerImpl.java:1877)
	at com.sun.enterprise.v3.admin.CommandRunnerImpl$ExecutionContext.execute(CommandRunnerImpl.java:1753)
	at com.sun.enterprise.v3.admin.AdminAdapter.doCommand(AdminAdapter.java:564)
	at com.sun.enterprise.v3.admin.AdminAdapter.onMissingResource(AdminAdapter.java:251)
	at org.glassfish.grizzly.http.server.StaticHttpHandlerBase.service(StaticHttpHandlerBase.java:166)
	at com.sun.enterprise.v3.services.impl.ContainerMapper$HttpHandlerCallable.call(ContainerMapper.java:520)
	at com.sun.enterprise.v3.services.impl.ContainerMapper.service(ContainerMapper.java:217)
	at org.glassfish.grizzly.http.server.HttpHandler.runService(HttpHandler.java:182)
	at org.glassfish.grizzly.http.server.HttpHandler.doHandle(HttpHandler.java:156)
	at org.glassfish.grizzly.http.server.HttpServerFilter.handleRead(HttpServerFilter.java:218)
	at org.glassfish.grizzly.filterchain.ExecutorResolver$9.execute(ExecutorResolver.java:95)
	at org.glassfish.grizzly.filterchain.DefaultFilterChain.executeFilter(DefaultFilterChain.java:260)
	at org.glassfish.grizzly.filterchain.DefaultFilterChain.executeChainPart(DefaultFilterChain.java:177)
	at org.glassfish.grizzly.filterchain.DefaultFilterChain.execute(DefaultFilterChain.java:109)
	at org.glassfish.grizzly.filterchain.DefaultFilterChain.process(DefaultFilterChain.java:88)
	at org.glassfish.grizzly.ProcessorExecutor.execute(ProcessorExecutor.java:53)
	at org.glassfish.grizzly.portunif.PUFilter.handleRead(PUFilter.java:208)
	at org.glassfish.grizzly.filterchain.ExecutorResolver$9.execute(ExecutorResolver.java:95)
	at org.glassfish.grizzly.filterchain.DefaultFilterChain.executeFilter(DefaultFilterChain.java:260)
	at org.glassfish.grizzly.filterchain.DefaultFilterChain.executeChainPart(DefaultFilterChain.java:177)
	at org.glassfish.grizzly.filterchain.DefaultFilterChain.execute(DefaultFilterChain.java:109)
	at org.glassfish.grizzly.filterchain.DefaultFilterChain.process(DefaultFilterChain.java:88)
	at org.glassfish.grizzly.ProcessorExecutor.execute(ProcessorExecutor.java:53)
	at org.glassfish.grizzly.portunif.PUFilter.handleRead(PUFilter.java:208)
	at org.glassfish.grizzly.filterchain.ExecutorResolver$9.execute(ExecutorResolver.java:95)
	at org.glassfish.grizzly.filterchain.DefaultFilterChain.executeFilter(DefaultFilterChain.java:260)
	at org.glassfish.grizzly.filterchain.DefaultFilterChain.executeChainPart(DefaultFilterChain.java:177)
	at org.glassfish.grizzly.filterchain.DefaultFilterChain.execute(DefaultFilterChain.java:109)
	at org.glassfish.grizzly.filterchain.DefaultFilterChain.process(DefaultFilterChain.java:88)
	at org.glassfish.grizzly.ProcessorExecutor.execute(ProcessorExecutor.java:53)
	at org.glassfish.grizzly.nio.transport.TCPNIOTransport.fireIOEvent(TCPNIOTransport.java:524)
	at org.glassfish.grizzly.strategies.AbstractIOStrategy.fireIOEvent(AbstractIOStrategy.java:89)
	at org.glassfish.grizzly.strategies.WorkerThreadIOStrategy.run0(WorkerThreadIOStrategy.java:94)
	at org.glassfish.grizzly.strategies.WorkerThreadIOStrategy.access$100(WorkerThreadIOStrategy.java:33)
	at org.glassfish.grizzly.strategies.WorkerThreadIOStrategy$WorkerThreadRunnable.run(WorkerThreadIOStrategy.java:114)
	at org.glassfish.grizzly.threadpool.AbstractThreadPool$Worker.doWork(AbstractThreadPool.java:569)
	at org.glassfish.grizzly.threadpool.AbstractThreadPool$Worker.run(AbstractThreadPool.java:549)
	at java.base/java.lang.Thread.run(Thread.java:834)
Caused by: Exception [EclipseLink-4002] (Eclipse Persistence Services - 2.7.4.payara-p2): org.eclipse.persistence.exceptions.DatabaseException
Internal Exception: java.sql.SQLException: Error in allocating a connection. Cause: Connection could not be allocated because: The connection attempt failed.
Error Code: 0
	at org.eclipse.persistence.exceptions.DatabaseException.sqlException(DatabaseException.java:318)
	at org.eclipse.persistence.sessions.JNDIConnector.connect(JNDIConnector.java:150)
	at org.eclipse.persistence.sessions.DatasourceLogin.connectToDatasource(DatasourceLogin.java:172)
	at org.eclipse.persistence.internal.sessions.DatabaseSessionImpl.setOrDetectDatasource(DatabaseSessionImpl.java:233)
	at org.eclipse.persistence.internal.sessions.DatabaseSessionImpl.loginAndDetectDatasource(DatabaseSessionImpl.java:815)
	at org.eclipse.persistence.internal.jpa.EntityManagerFactoryProvider.login(EntityManagerFactoryProvider.java:256)
	at org.eclipse.persistence.internal.jpa.EntityManagerSetupImpl.deploy(EntityManagerSetupImpl.java:769)
	... 64 more
Caused by: java.sql.SQLException: Error in allocating a connection. Cause: Connection could not be allocated because: The connection attempt failed.
	at com.sun.gjc.spi.base.AbstractDataSource.getConnection(AbstractDataSource.java:119)
	at org.eclipse.persistence.sessions.JNDIConnector.connect(JNDIConnector.java:138)
	... 69 more
Caused by: javax.resource.spi.ResourceAllocationException: Error in allocating a connection. Cause: Connection could not be allocated because: The connection attempt failed.
	at com.sun.enterprise.connectors.ConnectionManagerImpl.internalGetConnection(ConnectionManagerImpl.java:319)
	at com.sun.enterprise.connectors.ConnectionManagerImpl.allocateConnection(ConnectionManagerImpl.java:196)
	at com.sun.enterprise.connectors.ConnectionManagerImpl.allocateConnection(ConnectionManagerImpl.java:171)
	at com.sun.enterprise.connectors.ConnectionManagerImpl.allocateConnection(ConnectionManagerImpl.java:166)
	at com.sun.gjc.spi.base.AbstractDataSource.getConnection(AbstractDataSource.java:113)
	... 70 more
Caused by: com.sun.appserv.connectors.internal.api.PoolingException: Connection could not be allocated because: The connection attempt failed.
	at com.sun.enterprise.resource.pool.datastructure.RWLockDataStructure.addResource(RWLockDataStructure.java:103)
	at com.sun.enterprise.resource.pool.ConnectionPool.addResource(ConnectionPool.java:287)
	at com.sun.enterprise.resource.pool.ConnectionPool.createResourceAndAddToPool(ConnectionPool.java:1532)
	at com.sun.enterprise.resource.pool.ConnectionPool.createResources(ConnectionPool.java:957)
	at com.sun.enterprise.resource.pool.ConnectionPool.initPool(ConnectionPool.java:235)
	at com.sun.enterprise.resource.pool.ConnectionPool.internalGetResource(ConnectionPool.java:528)
	at com.sun.enterprise.resource.pool.ConnectionPool.getResource(ConnectionPool.java:386)
	at com.sun.enterprise.resource.pool.PoolManagerImpl.getResourceFromPool(PoolManagerImpl.java:244)
	at com.sun.enterprise.resource.pool.PoolManagerImpl.getResource(PoolManagerImpl.java:171)
	at com.sun.enterprise.connectors.ConnectionManagerImpl.getResource(ConnectionManagerImpl.java:360)
	at com.sun.enterprise.connectors.ConnectionManagerImpl.internalGetConnection(ConnectionManagerImpl.java:307)
	... 74 more
Caused by: com.sun.appserv.connectors.internal.api.PoolingException: Connection could not be allocated because: The connection attempt failed.
	at com.sun.enterprise.resource.pool.ConnectionPool.createSingleResource(ConnectionPool.java:937)
	at com.sun.enterprise.resource.pool.ConnectionPool.createResource(ConnectionPool.java:1209)
	at com.sun.enterprise.resource.pool.datastructure.RWLockDataStructure.addResource(RWLockDataStructure.java:98)
	... 84 more
Caused by: com.sun.appserv.connectors.internal.api.PoolingException: Connection could not be allocated because: The connection attempt failed.
	at com.sun.enterprise.resource.allocator.LocalTxConnectorAllocator.createResource(LocalTxConnectorAllocator.java:110)
	at com.sun.enterprise.resource.pool.ConnectionPool.createSingleResource(ConnectionPool.java:920)
	... 86 more
Caused by: javax.resource.spi.ResourceAllocationException: Connection could not be allocated because: The connection attempt failed.
	at com.sun.gjc.spi.DSManagedConnectionFactory.createManagedConnection(DSManagedConnectionFactory.java:131)
	at com.sun.enterprise.resource.allocator.LocalTxConnectorAllocator.createResource(LocalTxConnectorAllocator.java:87)
	... 87 more
Caused by: org.postgresql.util.PSQLException: The connection attempt failed.
	at org.postgresql.core.v3.ConnectionFactoryImpl.openConnectionImpl(ConnectionFactoryImpl.java:292)
	at org.postgresql.core.ConnectionFactory.openConnection(ConnectionFactory.java:49)
	at org.postgresql.jdbc.PgConnection.<init>(PgConnection.java:195)
	at org.postgresql.Driver.makeConnection(Driver.java:458)
	at org.postgresql.Driver.connect(Driver.java:260)
	at java.sql/java.sql.DriverManager.getConnection(DriverManager.java:677)
	at java.sql/java.sql.DriverManager.getConnection(DriverManager.java:228)
	at org.postgresql.ds.common.BaseDataSource.getConnection(BaseDataSource.java:97)
	at org.postgresql.ds.common.BaseDataSource.getConnection(BaseDataSource.java:82)
	at com.sun.gjc.spi.DSManagedConnectionFactory.createManagedConnection(DSManagedConnectionFactory.java:117)
	... 88 more
Caused by: java.net.SocketTimeoutException: connect timed out
	at java.base/java.net.PlainSocketImpl.waitForConnect(Native Method)
	at java.base/java.net.PlainSocketImpl.socketConnect(PlainSocketImpl.java:107)
	at java.base/java.net.AbstractPlainSocketImpl.doConnect(AbstractPlainSocketImpl.java:399)
	at java.base/java.net.AbstractPlainSocketImpl.connectToAddress(AbstractPlainSocketImpl.java:242)
	at java.base/java.net.AbstractPlainSocketImpl.connect(AbstractPlainSocketImpl.java:224)
	at java.base/java.net.SocksSocketImpl.connect(SocksSocketImpl.java:403)
	at java.base/java.net.Socket.connect(Socket.java:591)
	at org.postgresql.core.PGStream.<init>(PGStream.java:75)
	at org.postgresql.core.v3.ConnectionFactoryImpl.tryConnect(ConnectionFactoryImpl.java:91)
	at org.postgresql.core.v3.ConnectionFactoryImpl.openConnectionImpl(ConnectionFactoryImpl.java:192)
	... 97 more
]]

[2019-11-22T11:08:46.190-0600] [Payara 5.193] [SEVERE] [] [javax.enterprise.system.core] [tid: _ThreadID=52 _ThreadName=admin-thread-pool::admin-listener(1)] [timeMillis: 1574442526190] [levelValue: 1000] [[
  Exception while preparing the app : Exception [EclipseLink-4002] (Eclipse Persistence Services - 2.7.4.payara-p2): org.eclipse.persistence.exceptions.DatabaseException
Internal Exception: java.sql.SQLException: Error in allocating a connection. Cause: Connection could not be allocated because: The connection attempt failed.
Error Code: 0
Local Exception Stack: 
Exception [EclipseLink-4002] (Eclipse Persistence Services - 2.7.4.payara-p2): org.eclipse.persistence.exceptions.DatabaseException
Internal Exception: java.sql.SQLException: Error in allocating a connection. Cause: Connection could not be allocated because: The connection attempt failed.
Error Code: 0
	at org.eclipse.persistence.exceptions.DatabaseException.sqlException(DatabaseException.java:318)
	at org.eclipse.persistence.sessions.JNDIConnector.connect(JNDIConnector.java:150)
	at org.eclipse.persistence.sessions.DatasourceLogin.connectToDatasource(DatasourceLogin.java:172)
	at org.eclipse.persistence.internal.sessions.DatabaseSessionImpl.setOrDetectDatasource(DatabaseSessionImpl.java:233)
	at org.eclipse.persistence.internal.sessions.DatabaseSessionImpl.loginAndDetectDatasource(DatabaseSessionImpl.java:815)
	at org.eclipse.persistence.internal.jpa.EntityManagerFactoryProvider.login(EntityManagerFactoryProvider.java:256)
	at org.eclipse.persistence.internal.jpa.EntityManagerSetupImpl.deploy(EntityManagerSetupImpl.java:769)
	at org.eclipse.persistence.internal.jpa.EntityManagerFactoryDelegate.getAbstractSession(EntityManagerFactoryDelegate.java:219)
	at org.eclipse.persistence.internal.jpa.EntityManagerFactoryDelegate.getDatabaseSession(EntityManagerFactoryDelegate.java:197)
	at org.eclipse.persistence.internal.jpa.EntityManagerFactoryImpl.getDatabaseSession(EntityManagerFactoryImpl.java:542)
	at org.eclipse.persistence.jpa.PersistenceProvider.createContainerEntityManagerFactoryImpl(PersistenceProvider.java:388)
	at org.eclipse.persistence.jpa.PersistenceProvider.createContainerEntityManagerFactory(PersistenceProvider.java:316)
	at org.glassfish.persistence.jpa.PersistenceUnitLoader.loadPU(PersistenceUnitLoader.java:207)
	at org.glassfish.persistence.jpa.PersistenceUnitLoader.<init>(PersistenceUnitLoader.java:114)
	at org.glassfish.persistence.jpa.JPADeployer$1.visitPUD(JPADeployer.java:225)
	at org.glassfish.persistence.jpa.JPADeployer$PersistenceUnitDescriptorIterator.iteratePUDs(JPADeployer.java:525)
	at org.glassfish.persistence.jpa.JPADeployer.createEMFs(JPADeployer.java:240)
	at org.glassfish.persistence.jpa.JPADeployer.prepare(JPADeployer.java:170)
	at com.sun.enterprise.v3.server.ApplicationLifecycle.prepareModule(ApplicationLifecycle.java:1035)
	at com.sun.enterprise.v3.server.ApplicationLifecycle.prepare(ApplicationLifecycle.java:467)
	at org.glassfish.deployment.admin.DeployCommand.execute(DeployCommand.java:539)
	at com.sun.enterprise.v3.admin.CommandRunnerImpl$2$1.run(CommandRunnerImpl.java:558)
	at com.sun.enterprise.v3.admin.CommandRunnerImpl$2$1.run(CommandRunnerImpl.java:554)
	at java.base/java.security.AccessController.doPrivileged(Native Method)
	at java.base/javax.security.auth.Subject.doAs(Subject.java:361)
	at com.sun.enterprise.v3.admin.CommandRunnerImpl$2.execute(CommandRunnerImpl.java:553)
	at com.sun.enterprise.v3.admin.CommandRunnerImpl$3.run(CommandRunnerImpl.java:584)
	at com.sun.enterprise.v3.admin.CommandRunnerImpl$3.run(CommandRunnerImpl.java:576)
	at java.base/java.security.AccessController.doPrivileged(Native Method)
	at java.base/javax.security.auth.Subject.doAs(Subject.java:361)
	at com.sun.enterprise.v3.admin.CommandRunnerImpl.doCommand(CommandRunnerImpl.java:575)
	at com.sun.enterprise.v3.admin.CommandRunnerImpl.doCommand(CommandRunnerImpl.java:1495)
	at com.sun.enterprise.v3.admin.CommandRunnerImpl.access$1300(CommandRunnerImpl.java:120)
	at com.sun.enterprise.v3.admin.CommandRunnerImpl$ExecutionContext.execute(CommandRunnerImpl.java:1877)
	at com.sun.enterprise.v3.admin.CommandRunnerImpl$ExecutionContext.execute(CommandRunnerImpl.java:1753)
	at com.sun.enterprise.v3.admin.AdminAdapter.doCommand(AdminAdapter.java:564)
	at com.sun.enterprise.v3.admin.AdminAdapter.onMissingResource(AdminAdapter.java:251)
	at org.glassfish.grizzly.http.server.StaticHttpHandlerBase.service(StaticHttpHandlerBase.java:166)
	at com.sun.enterprise.v3.services.impl.ContainerMapper$HttpHandlerCallable.call(ContainerMapper.java:520)
	at com.sun.enterprise.v3.services.impl.ContainerMapper.service(ContainerMapper.java:217)
	at org.glassfish.grizzly.http.server.HttpHandler.runService(HttpHandler.java:182)
	at org.glassfish.grizzly.http.server.HttpHandler.doHandle(HttpHandler.java:156)
	at org.glassfish.grizzly.http.server.HttpServerFilter.handleRead(HttpServerFilter.java:218)
	at org.glassfish.grizzly.filterchain.ExecutorResolver$9.execute(ExecutorResolver.java:95)
	at org.glassfish.grizzly.filterchain.DefaultFilterChain.executeFilter(DefaultFilterChain.java:260)
	at org.glassfish.grizzly.filterchain.DefaultFilterChain.executeChainPart(DefaultFilterChain.java:177)
	at org.glassfish.grizzly.filterchain.DefaultFilterChain.execute(DefaultFilterChain.java:109)
	at org.glassfish.grizzly.filterchain.DefaultFilterChain.process(DefaultFilterChain.java:88)
	at org.glassfish.grizzly.ProcessorExecutor.execute(ProcessorExecutor.java:53)
	at org.glassfish.grizzly.portunif.PUFilter.handleRead(PUFilter.java:208)
	at org.glassfish.grizzly.filterchain.ExecutorResolver$9.execute(ExecutorResolver.java:95)
	at org.glassfish.grizzly.filterchain.DefaultFilterChain.executeFilter(DefaultFilterChain.java:260)
	at org.glassfish.grizzly.filterchain.DefaultFilterChain.executeChainPart(DefaultFilterChain.java:177)
	at org.glassfish.grizzly.filterchain.DefaultFilterChain.execute(DefaultFilterChain.java:109)
	at org.glassfish.grizzly.filterchain.DefaultFilterChain.process(DefaultFilterChain.java:88)
	at org.glassfish.grizzly.ProcessorExecutor.execute(ProcessorExecutor.java:53)
	at org.glassfish.grizzly.portunif.PUFilter.handleRead(PUFilter.java:208)
	at org.glassfish.grizzly.filterchain.ExecutorResolver$9.execute(ExecutorResolver.java:95)
	at org.glassfish.grizzly.filterchain.DefaultFilterChain.executeFilter(DefaultFilterChain.java:260)
	at org.glassfish.grizzly.filterchain.DefaultFilterChain.executeChainPart(DefaultFilterChain.java:177)
	at org.glassfish.grizzly.filterchain.DefaultFilterChain.execute(DefaultFilterChain.java:109)
	at org.glassfish.grizzly.filterchain.DefaultFilterChain.process(DefaultFilterChain.java:88)
	at org.glassfish.grizzly.ProcessorExecutor.execute(ProcessorExecutor.java:53)
	at org.glassfish.grizzly.nio.transport.TCPNIOTransport.fireIOEvent(TCPNIOTransport.java:524)
	at org.glassfish.grizzly.strategies.AbstractIOStrategy.fireIOEvent(AbstractIOStrategy.java:89)
	at org.glassfish.grizzly.strategies.WorkerThreadIOStrategy.run0(WorkerThreadIOStrategy.java:94)
	at org.glassfish.grizzly.strategies.WorkerThreadIOStrategy.access$100(WorkerThreadIOStrategy.java:33)
	at org.glassfish.grizzly.strategies.WorkerThreadIOStrategy$WorkerThreadRunnable.run(WorkerThreadIOStrategy.java:114)
	at org.glassfish.grizzly.threadpool.AbstractThreadPool$Worker.doWork(AbstractThreadPool.java:569)
	at org.glassfish.grizzly.threadpool.AbstractThreadPool$Worker.run(AbstractThreadPool.java:549)
	at java.base/java.lang.Thread.run(Thread.java:834)
Caused by: java.sql.SQLException: Error in allocating a connection. Cause: Connection could not be allocated because: The connection attempt failed.
	at com.sun.gjc.spi.base.AbstractDataSource.getConnection(AbstractDataSource.java:119)
	at org.eclipse.persistence.sessions.JNDIConnector.connect(JNDIConnector.java:138)
	... 69 more
Caused by: javax.resource.spi.ResourceAllocationException: Error in allocating a connection. Cause: Connection could not be allocated because: The connection attempt failed.
	at com.sun.enterprise.connectors.ConnectionManagerImpl.internalGetConnection(ConnectionManagerImpl.java:319)
	at com.sun.enterprise.connectors.ConnectionManagerImpl.allocateConnection(ConnectionManagerImpl.java:196)
	at com.sun.enterprise.connectors.ConnectionManagerImpl.allocateConnection(ConnectionManagerImpl.java:171)
	at com.sun.enterprise.connectors.ConnectionManagerImpl.allocateConnection(ConnectionManagerImpl.java:166)
	at com.sun.gjc.spi.base.AbstractDataSource.getConnection(AbstractDataSource.java:113)
	... 70 more
Caused by: com.sun.appserv.connectors.internal.api.PoolingException: Connection could not be allocated because: The connection attempt failed.
	at com.sun.enterprise.resource.pool.datastructure.RWLockDataStructure.addResource(RWLockDataStructure.java:103)
	at com.sun.enterprise.resource.pool.ConnectionPool.addResource(ConnectionPool.java:287)
	at com.sun.enterprise.resource.pool.ConnectionPool.createResourceAndAddToPool(ConnectionPool.java:1532)
	at com.sun.enterprise.resource.pool.ConnectionPool.createResources(ConnectionPool.java:957)
	at com.sun.enterprise.resource.pool.ConnectionPool.initPool(ConnectionPool.java:235)
	at com.sun.enterprise.resource.pool.ConnectionPool.internalGetResource(ConnectionPool.java:528)
	at com.sun.enterprise.resource.pool.ConnectionPool.getResource(ConnectionPool.java:386)
	at com.sun.enterprise.resource.pool.PoolManagerImpl.getResourceFromPool(PoolManagerImpl.java:244)
	at com.sun.enterprise.resource.pool.PoolManagerImpl.getResource(PoolManagerImpl.java:171)
	at com.sun.enterprise.connectors.ConnectionManagerImpl.getResource(ConnectionManagerImpl.java:360)
	at com.sun.enterprise.connectors.ConnectionManagerImpl.internalGetConnection(ConnectionManagerImpl.java:307)
	... 74 more
Caused by: com.sun.appserv.connectors.internal.api.PoolingException: Connection could not be allocated because: The connection attempt failed.
	at com.sun.enterprise.resource.pool.ConnectionPool.createSingleResource(ConnectionPool.java:937)
	at com.sun.enterprise.resource.pool.ConnectionPool.createResource(ConnectionPool.java:1209)
	at com.sun.enterprise.resource.pool.datastructure.RWLockDataStructure.addResource(RWLockDataStructure.java:98)
	... 84 more
Caused by: com.sun.appserv.connectors.internal.api.PoolingException: Connection could not be allocated because: The connection attempt failed.
	at com.sun.enterprise.resource.allocator.LocalTxConnectorAllocator.createResource(LocalTxConnectorAllocator.java:110)
	at com.sun.enterprise.resource.pool.ConnectionPool.createSingleResource(ConnectionPool.java:920)
	... 86 more
Caused by: javax.resource.spi.ResourceAllocationException: Connection could not be allocated because: The connection attempt failed.
	at com.sun.gjc.spi.DSManagedConnectionFactory.createManagedConnection(DSManagedConnectionFactory.java:131)
	at com.sun.enterprise.resource.allocator.LocalTxConnectorAllocator.createResource(LocalTxConnectorAllocator.java:87)
	... 87 more
Caused by: org.postgresql.util.PSQLException: The connection attempt failed.
	at org.postgresql.core.v3.ConnectionFactoryImpl.openConnectionImpl(ConnectionFactoryImpl.java:292)
	at org.postgresql.core.ConnectionFactory.openConnection(ConnectionFactory.java:49)
	at org.postgresql.jdbc.PgConnection.<init>(PgConnection.java:195)
	at org.postgresql.Driver.makeConnection(Driver.java:458)
	at org.postgresql.Driver.connect(Driver.java:260)
	at java.sql/java.sql.DriverManager.getConnection(DriverManager.java:677)
	at java.sql/java.sql.DriverManager.getConnection(DriverManager.java:228)
	at org.postgresql.ds.common.BaseDataSource.getConnection(BaseDataSource.java:97)
	at org.postgresql.ds.common.BaseDataSource.getConnection(BaseDataSource.java:82)
	at com.sun.gjc.spi.DSManagedConnectionFactory.createManagedConnection(DSManagedConnectionFactory.java:117)
	... 88 more
Caused by: java.net.SocketTimeoutException: connect timed out
	at java.base/java.net.PlainSocketImpl.waitForConnect(Native Method)
	at java.base/java.net.PlainSocketImpl.socketConnect(PlainSocketImpl.java:107)
	at java.base/java.net.AbstractPlainSocketImpl.doConnect(AbstractPlainSocketImpl.java:399)
	at java.base/java.net.AbstractPlainSocketImpl.connectToAddress(AbstractPlainSocketImpl.java:242)
	at java.base/java.net.AbstractPlainSocketImpl.connect(AbstractPlainSocketImpl.java:224)
	at java.base/java.net.SocksSocketImpl.connect(SocksSocketImpl.java:403)
	at java.base/java.net.Socket.connect(Socket.java:591)
	at org.postgresql.core.PGStream.<init>(PGStream.java:75)
	at org.postgresql.core.v3.ConnectionFactoryImpl.tryConnect(ConnectionFactoryImpl.java:91)
	at org.postgresql.core.v3.ConnectionFactoryImpl.openConnectionImpl(ConnectionFactoryImpl.java:192)
	... 97 more
]]

[2019-11-22T11:11:49.004-0600] [Payara 5.193] [INFO] [] [org.eclipse.persistence.session./file:/D:/ClimateChangeMeetingPlatform/target/ClimateMeetingPlatform-1.0/WEB-INF/classes/_appusers] [tid: _ThreadID=52 _ThreadName=admin-thread-pool::admin-listener(1)] [timeMillis: 1574442709004] [levelValue: 800] [[
  EclipseLink, version: Eclipse Persistence Services - 2.7.4.payara-p2]]

[2019-11-22T11:11:53.064-0600] [Payara 5.193] [INFO] [] [org.eclipse.persistence.session./file:/D:/ClimateChangeMeetingPlatform/target/ClimateMeetingPlatform-1.0/WEB-INF/classes/_appusers.connection] [tid: _ThreadID=52 _ThreadName=admin-thread-pool::admin-listener(1)] [timeMillis: 1574442713064] [levelValue: 800] [[
  /file:/D:/ClimateChangeMeetingPlatform/target/ClimateMeetingPlatform-1.0/WEB-INF/classes/_appusers login successful]]

[2019-11-22T11:11:53.301-0600] [Payara 5.193] [INFO] [AS-WEB-GLUE-00172] [javax.enterprise.web] [tid: _ThreadID=52 _ThreadName=admin-thread-pool::admin-listener(1)] [timeMillis: 1574442713301] [levelValue: 800] [[
  Loading application [ClimateMeetingPlatform] at [/ClimateChangeMeetingPlatform]]]

[2019-11-22T11:11:53.530-0600] [Payara 5.193] [INFO] [] [javax.enterprise.system.core] [tid: _ThreadID=52 _ThreadName=admin-thread-pool::admin-listener(1)] [timeMillis: 1574442713530] [levelValue: 800] [[
  ClimateMeetingPlatform was successfully deployed in 4,600 milliseconds.]]

[2019-11-22T11:13:50.434-0600] [Payara 5.193] [INFO] [] [org.eclipse.persistence.session./file:/D:/ClimateChangeMeetingPlatform/target/ClimateMeetingPlatform-1.0/WEB-INF/classes/_appusers.connection] [tid: _ThreadID=1998 _ThreadName=admin-thread-pool::admin-listener(7)] [timeMillis: 1574442830434] [levelValue: 800] [[
  /file:/D:/ClimateChangeMeetingPlatform/target/ClimateMeetingPlatform-1.0/WEB-INF/classes/_appusers logout successful]]

[2019-11-22T11:14:08.721-0600] [Payara 5.193] [INFO] [] [org.eclipse.persistence.session./file:/D:/ClimateChangeMeetingPlatform/target/ClimateMeetingPlatform-1.0/WEB-INF/classes/_appusers] [tid: _ThreadID=1998 _ThreadName=admin-thread-pool::admin-listener(7)] [timeMillis: 1574442848721] [levelValue: 800] [[
  EclipseLink, version: Eclipse Persistence Services - 2.7.4.payara-p2]]

[2019-11-22T11:14:12.804-0600] [Payara 5.193] [INFO] [] [org.eclipse.persistence.session./file:/D:/ClimateChangeMeetingPlatform/target/ClimateMeetingPlatform-1.0/WEB-INF/classes/_appusers.connection] [tid: _ThreadID=1998 _ThreadName=admin-thread-pool::admin-listener(7)] [timeMillis: 1574442852804] [levelValue: 800] [[
  /file:/D:/ClimateChangeMeetingPlatform/target/ClimateMeetingPlatform-1.0/WEB-INF/classes/_appusers login successful]]

[2019-11-22T11:14:13.016-0600] [Payara 5.193] [INFO] [AS-WEB-GLUE-00172] [javax.enterprise.web] [tid: _ThreadID=1998 _ThreadName=admin-thread-pool::admin-listener(7)] [timeMillis: 1574442853016] [levelValue: 800] [[
  Loading application [ClimateMeetingPlatform] at [/ClimateChangeMeetingPlatform]]]

[2019-11-22T11:14:13.137-0600] [Payara 5.193] [INFO] [] [javax.enterprise.system.core] [tid: _ThreadID=1998 _ThreadName=admin-thread-pool::admin-listener(7)] [timeMillis: 1574442853137] [levelValue: 800] [[
  ClimateMeetingPlatform was successfully deployed in 4,605 milliseconds.]]

[2019-11-22T11:14:21.575-0600] [Payara 5.193] [INFO] [] [] [tid: _ThreadID=39 _ThreadName=http-thread-pool::http-listener-1(4)] [timeMillis: 1574442861575] [levelValue: 800] [[
  username: demoUser]]

[2019-11-22T11:14:21.581-0600] [Payara 5.193] [INFO] [] [] [tid: _ThreadID=39 _ThreadName=http-thread-pool::http-listener-1(4)] [timeMillis: 1574442861581] [levelValue: 800] [[
  demoUser]]

[2019-11-22T11:14:21.642-0600] [Payara 5.193] [INFO] [] [] [tid: _ThreadID=39 _ThreadName=http-thread-pool::http-listener-1(4)] [timeMillis: 1574442861642] [levelValue: 800] [[
  AppUser[ 
	userId=0,
	username=demoUser ]]]

[2019-11-22T11:15:35.444-0600] [Payara 5.193] [INFO] [] [] [tid: _ThreadID=39 _ThreadName=http-thread-pool::http-listener-1(4)] [timeMillis: 1574442935444] [levelValue: 800] [[
  username: demoUser]]

[2019-11-22T11:15:35.444-0600] [Payara 5.193] [INFO] [] [] [tid: _ThreadID=39 _ThreadName=http-thread-pool::http-listener-1(4)] [timeMillis: 1574442935444] [levelValue: 800] [[
  demoUser]]

[2019-11-22T11:15:35.498-0600] [Payara 5.193] [INFO] [] [] [tid: _ThreadID=39 _ThreadName=http-thread-pool::http-listener-1(4)] [timeMillis: 1574442935498] [levelValue: 800] [[
  AppUser[ 
	userId=0,
	username=demoUser ]]]

[2019-11-22T11:15:44.161-0600] [Payara 5.193] [WARNING] [] [javax.enterprise.web] [tid: _ThreadID=38 _ThreadName=http-thread-pool::http-listener-1(3)] [timeMillis: 1574442944161] [levelValue: 900] [[
  StandardWrapperValve[GetUserChannels]: Servlet.service() for servlet GetUserChannels threw exception
java.lang.NullPointerException
	at edu.tarleton.edu.rho.climatemeetingplatform.GetUserChannels.doGet(GetUserChannels.java:35)
	at javax.servlet.http.HttpServlet.service(HttpServlet.java:645)
	at javax.servlet.http.HttpServlet.service(HttpServlet.java:750)
	at org.apache.catalina.core.StandardWrapper.service(StandardWrapper.java:1628)
	at org.apache.catalina.core.StandardWrapperValve.invoke(StandardWrapperValve.java:258)
	at org.apache.catalina.core.StandardContextValve.invoke(StandardContextValve.java:160)
	at org.apache.catalina.core.StandardPipeline.doInvoke(StandardPipeline.java:755)
	at org.apache.catalina.core.StandardPipeline.invoke(StandardPipeline.java:575)
	at com.sun.enterprise.web.WebPipeline.invoke(WebPipeline.java:99)
	at org.apache.catalina.core.StandardHostValve.invoke(StandardHostValve.java:159)
	at org.apache.catalina.connector.CoyoteAdapter.doService(CoyoteAdapter.java:371)
	at org.apache.catalina.connector.CoyoteAdapter.service(CoyoteAdapter.java:238)
	at com.sun.enterprise.v3.services.impl.ContainerMapper$HttpHandlerCallable.call(ContainerMapper.java:520)
	at com.sun.enterprise.v3.services.impl.ContainerMapper.service(ContainerMapper.java:217)
	at org.glassfish.grizzly.http.server.HttpHandler.runService(HttpHandler.java:182)
	at org.glassfish.grizzly.http.server.HttpHandler.doHandle(HttpHandler.java:156)
	at org.glassfish.grizzly.http.server.HttpServerFilter.handleRead(HttpServerFilter.java:218)
	at org.glassfish.grizzly.filterchain.ExecutorResolver$9.execute(ExecutorResolver.java:95)
	at org.glassfish.grizzly.filterchain.DefaultFilterChain.executeFilter(DefaultFilterChain.java:260)
	at org.glassfish.grizzly.filterchain.DefaultFilterChain.executeChainPart(DefaultFilterChain.java:177)
	at org.glassfish.grizzly.filterchain.DefaultFilterChain.execute(DefaultFilterChain.java:109)
	at org.glassfish.grizzly.filterchain.DefaultFilterChain.process(DefaultFilterChain.java:88)
	at org.glassfish.grizzly.ProcessorExecutor.execute(ProcessorExecutor.java:53)
	at org.glassfish.grizzly.nio.transport.TCPNIOTransport.fireIOEvent(TCPNIOTransport.java:524)
	at org.glassfish.grizzly.strategies.AbstractIOStrategy.fireIOEvent(AbstractIOStrategy.java:89)
	at org.glassfish.grizzly.strategies.WorkerThreadIOStrategy.run0(WorkerThreadIOStrategy.java:94)
	at org.glassfish.grizzly.strategies.WorkerThreadIOStrategy.access$100(WorkerThreadIOStrategy.java:33)
	at org.glassfish.grizzly.strategies.WorkerThreadIOStrategy$WorkerThreadRunnable.run(WorkerThreadIOStrategy.java:114)
	at org.glassfish.grizzly.threadpool.AbstractThreadPool$Worker.doWork(AbstractThreadPool.java:569)
	at org.glassfish.grizzly.threadpool.AbstractThreadPool$Worker.run(AbstractThreadPool.java:549)
	at java.base/java.lang.Thread.run(Thread.java:834)
]]

[2019-11-22T11:15:49.472-0600] [Payara 5.193] [INFO] [] [] [tid: _ThreadID=40 _ThreadName=http-thread-pool::http-listener-1(5)] [timeMillis: 1574442949472] [levelValue: 800] [[
  username: demoUser]]

[2019-11-22T11:15:49.472-0600] [Payara 5.193] [INFO] [] [] [tid: _ThreadID=40 _ThreadName=http-thread-pool::http-listener-1(5)] [timeMillis: 1574442949472] [levelValue: 800] [[
  demoUser]]

[2019-11-22T11:15:49.526-0600] [Payara 5.193] [INFO] [] [] [tid: _ThreadID=40 _ThreadName=http-thread-pool::http-listener-1(5)] [timeMillis: 1574442949526] [levelValue: 800] [[
  AppUser[ 
	userId=0,
	username=demoUser ]]]

[2019-11-22T11:16:53.507-0600] [Payara 5.193] [INFO] [] [] [tid: _ThreadID=40 _ThreadName=http-thread-pool::http-listener-1(5)] [timeMillis: 1574443013507] [levelValue: 800] [[
  username: demoUser]]

[2019-11-22T11:16:53.507-0600] [Payara 5.193] [INFO] [] [] [tid: _ThreadID=40 _ThreadName=http-thread-pool::http-listener-1(5)] [timeMillis: 1574443013507] [levelValue: 800] [[
  demoUser]]

[2019-11-22T11:16:53.561-0600] [Payara 5.193] [INFO] [] [] [tid: _ThreadID=40 _ThreadName=http-thread-pool::http-listener-1(5)] [timeMillis: 1574443013561] [levelValue: 800] [[
  AppUser[ 
	userId=0,
	username=demoUser ]]]

[2019-11-22T11:17:41.469-0600] [Payara 5.193] [INFO] [] [org.eclipse.persistence.session./file:/D:/ClimateChangeMeetingPlatform/target/ClimateMeetingPlatform-1.0/WEB-INF/classes/_appusers.connection] [tid: _ThreadID=1998 _ThreadName=admin-thread-pool::admin-listener(7)] [timeMillis: 1574443061469] [levelValue: 800] [[
  /file:/D:/ClimateChangeMeetingPlatform/target/ClimateMeetingPlatform-1.0/WEB-INF/classes/_appusers logout successful]]

[2019-11-22T11:17:41.961-0600] [Payara 5.193] [INFO] [] [org.eclipse.persistence.session./file:/D:/ClimateChangeMeetingPlatform/target/ClimateMeetingPlatform-1.0/WEB-INF/classes/_appusers] [tid: _ThreadID=1998 _ThreadName=admin-thread-pool::admin-listener(7)] [timeMillis: 1574443061961] [levelValue: 800] [[
  EclipseLink, version: Eclipse Persistence Services - 2.7.4.payara-p2]]

[2019-11-22T11:17:45.919-0600] [Payara 5.193] [INFO] [] [org.eclipse.persistence.session./file:/D:/ClimateChangeMeetingPlatform/target/ClimateMeetingPlatform-1.0/WEB-INF/classes/_appusers.connection] [tid: _ThreadID=1998 _ThreadName=admin-thread-pool::admin-listener(7)] [timeMillis: 1574443065919] [levelValue: 800] [[
  /file:/D:/ClimateChangeMeetingPlatform/target/ClimateMeetingPlatform-1.0/WEB-INF/classes/_appusers login successful]]

[2019-11-22T11:17:46.132-0600] [Payara 5.193] [INFO] [AS-WEB-GLUE-00172] [javax.enterprise.web] [tid: _ThreadID=1998 _ThreadName=admin-thread-pool::admin-listener(7)] [timeMillis: 1574443066132] [levelValue: 800] [[
  Loading application [ClimateMeetingPlatform] at [/ClimateChangeMeetingPlatform]]]

[2019-11-22T11:17:46.263-0600] [Payara 5.193] [INFO] [] [javax.enterprise.system.core] [tid: _ThreadID=1998 _ThreadName=admin-thread-pool::admin-listener(7)] [timeMillis: 1574443066263] [levelValue: 800] [[
  ClimateMeetingPlatform was successfully deployed in 4,687 milliseconds.]]

[2019-11-22T11:17:51.009-0600] [Payara 5.193] [INFO] [] [] [tid: _ThreadID=37 _ThreadName=http-thread-pool::http-listener-1(2)] [timeMillis: 1574443071009] [levelValue: 800] [[
  username: demoUser]]

[2019-11-22T11:17:51.015-0600] [Payara 5.193] [INFO] [] [] [tid: _ThreadID=37 _ThreadName=http-thread-pool::http-listener-1(2)] [timeMillis: 1574443071015] [levelValue: 800] [[
  demoUser]]

[2019-11-22T11:17:51.074-0600] [Payara 5.193] [INFO] [] [] [tid: _ThreadID=37 _ThreadName=http-thread-pool::http-listener-1(2)] [timeMillis: 1574443071074] [levelValue: 800] [[
  AppUser[ 
	userId=0,
	username=demoUser ]]]

[2019-11-22T11:30:59.907-0600] [Payara 5.193] [INFO] [] [org.eclipse.persistence.session./file:/D:/ClimateChangeMeetingPlatform/target/ClimateMeetingPlatform-1.0/WEB-INF/classes/_appusers.connection] [tid: _ThreadID=2146 _ThreadName=admin-thread-pool::admin-listener(8)] [timeMillis: 1574443859907] [levelValue: 800] [[
  /file:/D:/ClimateChangeMeetingPlatform/target/ClimateMeetingPlatform-1.0/WEB-INF/classes/_appusers logout successful]]

